<?xml version="1.0" encoding="UTF-8"?>
<!-- Generated by org.testng.reporters.JUnitReportReporter -->
<testsuite hostname="DESKTOP-56T3BOV" name="testNG.TTest" tests="2" failures="0" timestamp="26 Jan 2021 09:32:24 GMT" time="0.022" errors="0">
  <testcase name="firstexecution" time="0.018" classname="testNG.TTest"/>
  <testcase name="lastexecution" time="0.004" classname="testNG.TTest"/>
</testsuite> <!-- testNG.TTest -->
