<?xml version="1.0" encoding="UTF-8"?>
<!-- Generated by org.testng.reporters.JUnitReportReporter -->
<testsuite hostname="DESKTOP-56T3BOV" name="testNG.day1" tests="2" failures="0" timestamp="21 Jan 2021 12:55:43 GMT" time="0.020" errors="0">
  <testcase name="lastexecution" time="0.002" classname="testNG.day1"/>
  <testcase name="firstexecution" time="0.018" classname="testNG.day1"/>
</testsuite> <!-- testNG.day1 -->
