<?xml version="1.0" encoding="UTF-8"?>
<!-- Generated by org.testng.reporters.JUnitReportReporter -->
<testsuite hostname="DESKTOP-56T3BOV" name="testNG.exampleTest" tests="1" failures="0" timestamp="26 Jan 2021 09:32:24 GMT" time="0.006" errors="0">
  <testcase name="secondMethod" time="0.006" classname="testNG.exampleTest"/>
</testsuite> <!-- testNG.exampleTest -->
