<?xml version="1.0" encoding="UTF-8"?>
<!-- Generated by org.testng.reporters.JUnitReportReporter -->
<testsuite hostname="DESKTOP-56T3BOV" name="testNG.extentTest" tests="1" failures="0" timestamp="26 Jan 2021 18:19:55 GMT" time="1.173" errors="0">
  <testcase name="extent" time="1.173" classname="testNG.extentTest"/>
</testsuite> <!-- testNG.extentTest -->
