<?xml version="1.0" encoding="UTF-8"?>
<!-- Generated by org.testng.reporters.JUnitReportReporter -->
<testsuite skipped="0" hostname="DESKTOP-56T3BOV" name="testNG.extentTest" tests="1" failures="0" timestamp="2021-01-26T15:21:02 IST" time="24.603" errors="0">
  <testcase name="extent" time="24.603" classname="testNG.extentTest"/>
  <system-out/>
</testsuite> <!-- testNG.extentTest -->
