<?xml version="1.0" encoding="UTF-8"?>
<!-- Generated by org.testng.reporters.JUnitReportReporter -->
<testsuite skipped="0" hostname="DESKTOP-56T3BOV" name="testNG.exampleTest" tests="1" failures="0" timestamp="2021-01-26T15:21:02 IST" time="0.008" errors="0">
  <testcase name="secondMethod" time="0.008" classname="testNG.exampleTest"/>
  <system-out/>
</testsuite> <!-- testNG.exampleTest -->
