<?xml version="1.0" encoding="UTF-8"?>
<!-- Generated by org.testng.reporters.JUnitReportReporter -->
<testsuite skipped="0" hostname="DESKTOP-56T3BOV" name="testNG.TTest" tests="2" failures="0" timestamp="2021-01-26T15:21:02 IST" time="0.000" errors="0">
  <testcase name="firstexecution" time="0.000" classname="testNG.TTest"/>
  <system-out/>
  <testcase name="lastexecution" time="0.000" classname="testNG.TTest"/>
  <system-out/>
</testsuite> <!-- testNG.TTest -->
